<?xml version="1.0" encoding="UTF-8"?>
<!-- Generated by org.testng.reporters.JUnitXMLReporter -->
<testsuite ignored="0" hostname="LAPTOP-OQQ855SE" failures="0" tests="3" name="test-1" time="24.988" errors="0" timestamp="2025-06-12T10:57:16 IST">
  <testcase classname="com.concast.crm.orgtest.createOrganizationTest" name="createOrg" time="6.897"/>
  <testcase classname="com.concast.crm.orgtest.createOrganizationTest" name="createOrgWithIndustry" time="5.065"/>
  <testcase classname="com.concast.crm.orgtest.createOrganizationTest" name="createOrgWithPhone" time="4.41"/>
</testsuite> <!-- test-1 -->
