<?xml version="1.0" encoding="UTF-8"?>
<!-- Generated by org.testng.reporters.JUnitXMLReporter -->
<testsuite ignored="0" hostname="LAPTOP-OQQ855SE" failures="0" tests="3" name="test-2" time="32.003" errors="0" timestamp="2025-06-12T10:57:23 IST">
  <testcase classname="practice.contacttest.CreateContactTest" name="createContactTest" time="5.012"/>
  <testcase classname="practice.contacttest.CreateContactTest" name="createContactWithOrgTest" time="10.127"/>
  <testcase classname="practice.contacttest.CreateContactTest" name="createContactWithsupportDateTest" time="5.669"/>
</testsuite> <!-- test-2 -->
