<?xml version="1.0" encoding="UTF-8"?>
<!-- Generated by org.testng.reporters.JUnitReportReporter -->
<testsuite hostname="LAPTOP-OQQ855SE" failures="0" tests="2" name="com.crm.comcast.orgtest.CreateOrgTest" time="0.005" errors="0" timestamp="2025-06-10T11:33:15 IST" skipped="0">
  <testcase classname="com.crm.comcast.orgtest.CreateOrgTest" name="createContactWithIndustries" time="0.003"/>
  <system-out/>
  <testcase classname="com.crm.comcast.orgtest.CreateOrgTest" name="createOrgTest" time="0.002"/>
  <system-out/>
</testsuite> <!-- com.crm.comcast.orgtest.CreateOrgTest -->
