<?xml version="1.0" encoding="UTF-8"?>
<!-- Generated by org.testng.reporters.JUnitReportReporter -->
<testsuite hostname="LAPTOP-OQQ855SE" failures="0" tests="1" name="practice.contacttest.CreateContactTest" time="18.674" errors="0" timestamp="2025-06-12T15:46:13 IST" skipped="0">
  <testcase classname="practice.contacttest.CreateContactTest" name="createContactTest" time="18.674"/>
  <system-out/>
</testsuite> <!-- practice.contacttest.CreateContactTest -->
