<?xml version="1.0" encoding="UTF-8"?>
<!-- Generated by org.testng.reporters.JUnitReportReporter -->
<testsuite hostname="LAPTOP-OQQ855SE" failures="0" tests="1" name="com.concast.crm.producttest.CreateProductTest" time="11.469" errors="0" timestamp="2025-06-14T20:15:38 IST" skipped="0">
  <testcase classname="com.concast.crm.producttest.CreateProductTest" name="createProduct" time="11.469"/>
  <system-out/>
</testsuite> <!-- com.concast.crm.producttest.CreateProductTest -->
