<?xml version="1.0" encoding="UTF-8"?>
<!-- Generated by org.testng.reporters.JUnitReportReporter -->
<testsuite hostname="LAPTOP-OQQ855SE" failures="0" tests="3" name="com.concast.crm.orgtest.AllTests" time="35.891" errors="0" timestamp="2025-06-11T14:50:54 IST" skipped="0">
  <testcase classname="com.concast.crm.orgtest.AllTests" name="createOrgWithIndustry" time="17.515"/>
  <system-out/>
  <testcase classname="com.concast.crm.orgtest.AllTests" name="createOrgWithPhone" time="8.912"/>
  <system-out/>
  <testcase classname="com.concast.crm.orgtest.AllTests" name="createOrg" time="9.464"/>
  <system-out/>
</testsuite> <!-- com.concast.crm.orgtest.AllTests -->
